<?xml version="1.0" encoding="UTF-8"?>
<!-- Generated by org.testng.reporters.JUnitXMLReporter -->
<testsuite ignored="0" hostname="DESKTOP-8IQ6Q1E" failures="0" tests="4" name="Default test" time="0.422" errors="0" timestamp="2020-05-03T18:09:06 EDT">
  <testcase classname="CommonUtilities.Cutilities" name="@BeforeClass browsers" time="-1.588543745851E9">
    <failure type="org.testng.TestNGException" message="
Parameter &amp;apos;browser&amp;apos; is required by BeforeClass on method browsers but has not been marked @Optional or defined
in C:\Users\lala94\AppData\Local\Temp\testng-eclipse-1449946513\testng-customsuite.xml">
      <![CDATA[org.testng.TestNGException: 
Parameter 'browser' is required by BeforeClass on method browsers but has not been marked @Optional or defined
in C:\Users\lala94\AppData\Local\Temp\testng-eclipse-1449946513\testng-customsuite.xml
at org.testng.internal.Parameters.createParams(Parameters.java:272)
at org.testng.internal.Parameters.createParametersForMethod(Parameters.java:360)
at org.testng.internal.Parameters.createParameters(Parameters.java:704)
at org.testng.internal.Parameters.createConfigurationParameters(Parameters.java:166)
at org.testng.internal.ConfigInvoker.invokeConfigurations(ConfigInvoker.java:283)
at org.testng.internal.TestMethodWorker.invokeBeforeClassMethods(TestMethodWorker.java:176)
at org.testng.internal.TestMethodWorker.run(TestMethodWorker.java:122)
at java.base/java.util.ArrayList.forEach(ArrayList.java:1507)
at org.testng.TestRunner.privateRun(TestRunner.java:766)
at org.testng.TestRunner.run(TestRunner.java:587)
at org.testng.SuiteRunner.runTest(SuiteRunner.java:384)
at org.testng.SuiteRunner.runSequentially(SuiteRunner.java:378)
at org.testng.SuiteRunner.privateRun(SuiteRunner.java:337)
at org.testng.SuiteRunner.run(SuiteRunner.java:286)
at org.testng.SuiteRunnerWorker.runSuite(SuiteRunnerWorker.java:53)
at org.testng.SuiteRunnerWorker.run(SuiteRunnerWorker.java:96)
at org.testng.TestNG.runSuitesSequentially(TestNG.java:1187)
at org.testng.TestNG.runSuitesLocally(TestNG.java:1109)
at org.testng.TestNG.runSuites(TestNG.java:1039)
at org.testng.TestNG.run(TestNG.java:1007)
at org.testng.remote.AbstractRemoteTestNG.run(AbstractRemoteTestNG.java:115)
at org.testng.remote.RemoteTestNG.initAndRun(RemoteTestNG.java:251)
at org.testng.remote.RemoteTestNG.main(RemoteTestNG.java:77)
]]>
    </failure>
  </testcase> <!-- @BeforeClass browsers -->
  <testcase classname="CommonUtilities.Cutilities" name="@AfterClass afterClass" time="-1.588543746153E9">
    <skipped/>
  </testcase> <!-- @AfterClass afterClass -->
  <testcase classname="Protrainingtech.practiceframework.Target" name="f" time="0.0">
    <skipped/>
  </testcase> <!-- f -->
  <testcase classname="Protrainingtech.practiceframework.Target" name="search" time="0.0">
    <skipped/>
  </testcase> <!-- search -->
  <testcase classname="Protrainingtech.practiceframework.Target" name="search" time="0.0">
    <skipped/>
  </testcase> <!-- search -->
  <testcase classname="Protrainingtech.practiceframework.Target" name="search" time="0.0">
    <skipped/>
  </testcase> <!-- search -->
</testsuite> <!-- Default test -->
