<?xml version="1.0" encoding="UTF-8"?>
<!-- Generated by org.testng.reporters.JUnitXMLReporter -->
<testsuite ignored="2" hostname="DESKTOP-8IQ6Q1E" failures="1" tests="6" name="targetwebsite" time="89.958" errors="0" timestamp="2020-04-08T22:53:11 EDT">
  <testcase classname="Protrainingtech.practiceframework.Pagesignin" name="@BeforeClass beforeClass" time="-1.586400791431E9">
    <failure type="org.testng.TestNGException" message="
Can inject only one of &amp;lt;ITestContext, XmlTest&amp;gt; into a @BeforeClass annotated beforeClass.
For more information on native dependency injection please refer to http://testng.org/doc/documentation-main.html#native-dependency-injection">
      <![CDATA[org.testng.TestNGException: 
Can inject only one of <ITestContext, XmlTest> into a @BeforeClass annotated beforeClass.
For more information on native dependency injection please refer to http://testng.org/doc/documentation-main.html#native-dependency-injection
at java.base/java.util.ArrayList.forEach(ArrayList.java:1507)
at java.base/java.util.concurrent.FutureTask.run(FutureTask.java:264)
at java.base/java.util.concurrent.ThreadPoolExecutor.runWorker(ThreadPoolExecutor.java:1128)
at java.base/java.util.concurrent.ThreadPoolExecutor$Worker.run(ThreadPoolExecutor.java:628)
at java.base/java.lang.Thread.run(Thread.java:830)
... Removed 13 stack frames]]>
    </failure>
  </testcase> <!-- @BeforeClass beforeClass -->
  <testcase classname="Protrainingtech.practiceframework.Target" name="f" time="16.448"/>
  <testcase classname="Protrainingtech.practiceframework.Target" name="search" time="22.074"/>
  <testcase classname="Protrainingtech.practiceframework.Target" name="search" time="11.886"/>
  <testcase classname="Protrainingtech.practiceframework.Target" name="search" time="16.582"/>
  <testcase classname="Protrainingtech.practiceframework.Pagesignin" name="f" time="0.0">
    <skipped/>
  </testcase> <!-- f -->
  <testcase classname="Protrainingtech.practiceframework.Newaccount" name="f" time="0.0">
    <failure type="org.testng.TestNGException" message="
Parameter &amp;apos;Phone&amp;apos; is required by @Test on method f but has not been marked @Optional or defined
in C:\Users\lala94\eclipse-workspace\practiceframework\main1.xml">
      <![CDATA[org.testng.TestNGException: 
Parameter 'Phone' is required by @Test on method f but has not been marked @Optional or defined
in C:\Users\lala94\eclipse-workspace\practiceframework\main1.xml
at java.base/java.util.ArrayList.forEach(ArrayList.java:1507)
at java.base/java.util.concurrent.FutureTask.run(FutureTask.java:264)
at java.base/java.util.concurrent.ThreadPoolExecutor.runWorker(ThreadPoolExecutor.java:1128)
at java.base/java.util.concurrent.ThreadPoolExecutor$Worker.run(ThreadPoolExecutor.java:628)
at java.base/java.lang.Thread.run(Thread.java:830)
... Removed 17 stack frames]]>
    </failure>
  </testcase> <!-- f -->
  <testcase classname="CommonUtilities.Cutilities" name="@BeforeTest browsers" time="0.0">
    <ignored/>
  </testcase> <!-- @BeforeTest browsers -->
  <testcase classname="CommonUtilities.Cutilities" name="@BeforeTest browsers" time="0.0">
    <ignored/>
  </testcase> <!-- @BeforeTest browsers -->
</testsuite> <!-- targetwebsite -->
