<?xml version="1.0" encoding="UTF-8"?>
<!-- Generated by org.testng.reporters.JUnitXMLReporter -->
<testsuite ignored="0" hostname="DESKTOP-8IQ6Q1E" failures="0" tests="0" time="0.135" errors="0" timestamp="2020-04-25T16:04:59 EDT">
  <testcase classname="CommonUtilities.Cutilities" name="@BeforeTest browsers" time="-1.58784509876E9">
    <failure type="org.testng.TestNGException" message="
Parameter &amp;apos;browser&amp;apos; is required by BeforeTest on method browsers but has not been marked @Optional or defined
in C:\Users\lala94\eclipse-workspace\practiceframework\testng.xml">
      <![CDATA[org.testng.TestNGException: 
Parameter 'browser' is required by BeforeTest on method browsers but has not been marked @Optional or defined
in C:\Users\lala94\eclipse-workspace\practiceframework\testng.xml
... Removed 21 stack frames]]>
    </failure>
  </testcase> <!-- @BeforeTest browsers -->
</testsuite>
